<?xml version="1.0" encoding="UTF-8"?>
<testng-results skipped="0" failed="0" total="1" passed="1">
  <reporter-output>
  </reporter-output>
  <suite name="Suite" duration-ms="40588" started-at="2018-07-15T13:17:12Z" finished-at="2018-07-15T13:17:53Z">
    <groups>
    </groups>
    <test name="Test" duration-ms="40588" started-at="2018-07-15T13:17:12Z" finished-at="2018-07-15T13:17:53Z">
      <class name="selenium.maven.demo.facebook">
        <test-method status="PASS" signature="TestFireFox()" name="TestFireFox" duration-ms="40556" started-at="2018-07-15T13:17:12Z" finished-at="2018-07-15T13:17:53Z">
        </test-method>
      </class>
    </test>
  </suite>
</testng-results>
